Building DAG of jobs...
Using shell: /bin/bash
Provided cores: 8
Rules claiming more threads will be scaled down.
Job stats:
job                       count
----------------------  -------
all                           1
fetch_and_analyze_cytc        1
generate_report               1
total                         3

Select jobs to execute...

[Tue Oct  8 13:30:51 2024]
rule fetch_and_analyze_cytc:
    output: results/cytochrome_c.gb, results/cytochrome_c.fasta, results/cytc_analysis.json
    jobid: 2
    reason: Missing output files: results/cytc_analysis.json
    resources: tmpdir=/var/folders/0d/ktg5qfp51tz4shdrvtgb8cw40000gn/T

[Tue Oct  8 13:31:02 2024]
Finished job 2.
1 of 3 steps (33%) done
Select jobs to execute...

[Tue Oct  8 13:31:02 2024]
rule generate_report:
    input: results/cytc_analysis.json
    output: results/cytc_report.html
    jobid: 1
    reason: Missing output files: results/cytc_report.html; Input files updated by another job: results/cytc_analysis.json
    resources: tmpdir=/var/folders/0d/ktg5qfp51tz4shdrvtgb8cw40000gn/T

[Tue Oct  8 13:31:02 2024]
Finished job 1.
2 of 3 steps (67%) done
Select jobs to execute...

[Tue Oct  8 13:31:02 2024]
localrule all:
    input: results/cytc_report.html
    jobid: 0
    reason: Input files updated by another job: results/cytc_report.html
    resources: tmpdir=/var/folders/0d/ktg5qfp51tz4shdrvtgb8cw40000gn/T

[Tue Oct  8 13:31:02 2024]
Finished job 0.
3 of 3 steps (100%) done
Complete log: .snakemake/log/2024-10-08T133050.970230.snakemake.log
